	SetSessionId:eVFhTmVQd2hiQVYwR2VTcmFyZHlwZ3RYZmdTRFZrYXZWRmNkZFRxY2F2Z0tRMXZKNHdLWlp1Q3VZZHBoUmwxaC5RV0FTODNfc2VydmxldF9lbmdpbmUx(16821)-----23:48:26
	SetCurrentPath:C:\Program Files (x86)\KSIGN\KCase(16828)-----23:48:26
	KSignCASE::KSWK_PKI::ServiceRequest:ENTER(16075)-----23:48:26
	KSignCASE::KSWK_PKI::ServiceRequest:ENTER(16169)-----23:48:26
	KSignCASE::KSWK_PKI::CertificateList:ENTER(2122)-----23:48:26
	KSignCASE::KSWK_PKI::CertificateList:EXIT(2557)-----23:48:26
	KSignCASE::KSWK_PKI::ServiceRequest:EXIT(16728)-----23:48:26
	KSignCASE::KSWK_PKI::ServiceRequest:ENTER(16075)-----23:48:32
	KSignCASE::KSWK_PKI::ServiceRequest:ENTER(16169)-----23:48:32
	KSignCASE::KSWK_PKI::GenSignData:ENTER(6142)-----23:48:32
	KSignCASE::KSWK_PKI::GenSignData:hong@@^^97(6344)-----23:48:32
	KSignCASE::KSWK_PKI::GenSignData:1(6401)-----23:48:32
	KSignCASE::KSWK_PKI::GenSignData:EXIT(6460)-----23:48:32
	KSignCASE::KSWK_PKI::ServiceRequest:EXIT(16728)-----23:48:32
	KSignCASE::KSWK_PKI::ServiceRequest:ENTER(16075)-----23:48:41
	KSignCASE::KSWK_PKI::ServiceRequest:ENTER(16169)-----23:48:41
	KSignCASE::KSWK_PKI::CertificateList:ENTER(2122)-----23:48:41
	KSignCASE::KSWK_PKI::CertificateList:EXIT(2557)-----23:48:41
	KSignCASE::KSWK_PKI::ServiceRequest:EXIT(16728)-----23:48:41
	KSignCASE::KSWK_PKI::ServiceRequest:ENTER(16075)-----23:48:52
	KSignCASE::KSWK_PKI::ServiceRequest:ENTER(16169)-----23:48:52
	KSignCASE::KSWK_PKI::CertificateList:ENTER(2122)-----23:48:52
	KSignCASE::KSWK_PKI::CertificateList:EXIT(2557)-----23:48:52
	KSignCASE::KSWK_PKI::ServiceRequest:EXIT(16728)-----23:48:52
	KSignCASE::KSWK_PKI::ServiceRequest:ENTER(16075)-----23:48:58
	KSignCASE::KSWK_PKI::ServiceRequest:ENTER(16169)-----23:48:58
	KSignCASE::KSWK_PKI::GenSignData:ENTER(6142)-----23:48:58
	KSignCASE::KSWK_PKI::GenSignData:hong@@^^97(6344)-----23:48:58
	KSignCASE::KSWK_PKI::GenSignData:1(6401)-----23:48:58
	KSignCASE::KSWK_PKI::GenSignData:EXIT(6460)-----23:48:58
	KSignCASE::KSWK_PKI::ServiceRequest:EXIT(16728)-----23:48:58
